0 info it worked if it ends with ok
1 verbose cli [ '/usr/local/bin/node', '/usr/local/bin/npm', 'run', 'server' ]
2 info using npm@3.10.5
3 info using node@v4.4.7
4 verbose run-script [ 'preserver', 'server', 'postserver' ]
5 info lifecycle google-maps-news@0.0.1~preserver: google-maps-news@0.0.1
6 silly lifecycle google-maps-news@0.0.1~preserver: no script for preserver, continuing
7 info lifecycle google-maps-news@0.0.1~server: google-maps-news@0.0.1
8 verbose lifecycle google-maps-news@0.0.1~server: unsafe-perm in lifecycle true
9 verbose lifecycle google-maps-news@0.0.1~server: PATH: /usr/local/lib/node_modules/npm/bin/node-gyp-bin:/home/edvards_kazlouski/_university/google-maps-news/node_modules/.bin:/usr/local/bin:/usr/local/sbin:/usr/local/bin:/usr/sbin:/usr/bin:/sbin:/bin:/usr/games:/usr/local/games
10 verbose lifecycle google-maps-news@0.0.1~server: CWD: /home/edvards_kazlouski/_university/google-maps-news
11 silly lifecycle google-maps-news@0.0.1~server: Args: [ '-c', 'babel-node ./src/server/index.es' ]
12 silly lifecycle google-maps-news@0.0.1~server: Returned: code: 1  signal: null
13 info lifecycle google-maps-news@0.0.1~server: Failed to exec server script
14 verbose stack Error: google-maps-news@0.0.1 server: `babel-node ./src/server/index.es`
14 verbose stack Exit status 1
14 verbose stack     at EventEmitter.<anonymous> (/usr/local/lib/node_modules/npm/lib/utils/lifecycle.js:242:16)
14 verbose stack     at emitTwo (events.js:87:13)
14 verbose stack     at EventEmitter.emit (events.js:172:7)
14 verbose stack     at ChildProcess.<anonymous> (/usr/local/lib/node_modules/npm/lib/utils/spawn.js:40:14)
14 verbose stack     at emitTwo (events.js:87:13)
14 verbose stack     at ChildProcess.emit (events.js:172:7)
14 verbose stack     at maybeClose (internal/child_process.js:827:16)
14 verbose stack     at Process.ChildProcess._handle.onexit (internal/child_process.js:211:5)
15 verbose pkgid google-maps-news@0.0.1
16 verbose cwd /home/edvards_kazlouski/_university/google-maps-news
17 error Linux 3.19.0-65-generic
18 error argv "/usr/local/bin/node" "/usr/local/bin/npm" "run" "server"
19 error node v4.4.7
20 error npm  v3.10.5
21 error code ELIFECYCLE
22 error google-maps-news@0.0.1 server: `babel-node ./src/server/index.es`
22 error Exit status 1
23 error Failed at the google-maps-news@0.0.1 server script 'babel-node ./src/server/index.es'.
23 error Make sure you have the latest version of node.js and npm installed.
23 error If you do, this is most likely a problem with the google-maps-news package,
23 error not with npm itself.
23 error Tell the author that this fails on your system:
23 error     babel-node ./src/server/index.es
23 error You can get information on how to open an issue for this project with:
23 error     npm bugs google-maps-news
23 error Or if that isn't available, you can get their info via:
23 error     npm owner ls google-maps-news
23 error There is likely additional logging output above.
24 verbose exit [ 1, true ]
